0 info it worked if it ends with ok
1 verbose cli [ 'node', '/usr/local/bin/npm', 'update', '-g', 'bower' ]
2 info using npm@2.13.2
3 info using node@v0.10.35
4 silly mapToRegistry name bower
5 silly mapToRegistry using default registry
6 silly mapToRegistry registry https://registry.npmjs.org/
7 silly mapToRegistry uri https://registry.npmjs.org/bower
8 verbose request uri https://registry.npmjs.org/bower
9 verbose request no auth needed
10 info attempt registry request try #1 at 18:08:19
11 verbose request id 2c3788166d17a897
12 verbose etag "CZGMNGYDDYPINEU7SADLM6KG2"
13 http request GET https://registry.npmjs.org/bower
14 http 200 https://registry.npmjs.org/bower
15 silly get cb [ 200,
15 silly get   { server: 'CouchDB/1.5.0 (Erlang OTP/R16B03)',
15 silly get     etag: '"5QW19NRB2XQTFH80Q4IN5HWPS"',
15 silly get     'content-type': 'application/json',
15 silly get     'cache-control': 'max-age=60',
15 silly get     'content-length': '117518',
15 silly get     'accept-ranges': 'bytes',
15 silly get     date: 'Mon, 24 Aug 2015 15:08:20 GMT',
15 silly get     via: '1.1 varnish',
15 silly get     age: '52',
15 silly get     connection: 'keep-alive',
15 silly get     'x-served-by': 'cache-fra1246-FRA',
15 silly get     'x-cache': 'HIT',
15 silly get     'x-cache-hits': '4',
15 silly get     'x-timer': 'S1440428900.070845,VS0,VE0',
15 silly get     vary: 'Accept' } ]
16 verbose get saving bower to /Users/feonit/.npm/registry.npmjs.org/bower/.cache.json
17 info outdated updating [ [ '/usr/local/lib', 'bower', '1.3.12', '1.5.1', '1.5.1', 'latest' ] ]
18 verbose install where, what [ '/usr/local/lib', [ 'bower@1.5.1' ] ]
19 verbose install initial load of /usr/local/lib/package.json
20 verbose readDependencies loading dependencies from /usr/local/lib/package.json
21 silly cache add args [ 'bower@1.5.1', null ]
22 verbose cache add spec bower@1.5.1
23 silly cache add parsed spec { raw: 'bower@1.5.1',
23 silly cache add   scope: null,
23 silly cache add   name: 'bower',
23 silly cache add   rawSpec: '1.5.1',
23 silly cache add   spec: '1.5.1',
23 silly cache add   type: 'version' }
24 silly addNamed bower@1.5.1
25 verbose addNamed "1.5.1" is a plain semver version for bower
26 silly mapToRegistry name bower
27 silly mapToRegistry using default registry
28 silly mapToRegistry registry https://registry.npmjs.org/
29 silly mapToRegistry uri https://registry.npmjs.org/bower
30 verbose addNameVersion registry:https://registry.npmjs.org/bower not in flight; fetching
31 verbose get https://registry.npmjs.org/bower not expired, no request
32 silly mapToRegistry name bower
33 silly mapToRegistry using default registry
34 silly mapToRegistry registry https://registry.npmjs.org/
35 silly mapToRegistry uri https://registry.npmjs.org/bower
36 verbose addRemoteTarball https://registry.npmjs.org/bower/-/bower-1.5.1.tgz not in flight; adding
37 verbose addRemoteTarball [ 'https://registry.npmjs.org/bower/-/bower-1.5.1.tgz',
37 verbose addRemoteTarball   'a099d02fcd3952edb326011234b4fc616dfc3f36' ]
38 info retry fetch attempt 1 at 18:08:19
39 info attempt registry request try #1 at 18:08:19
40 http fetch GET https://registry.npmjs.org/bower/-/bower-1.5.1.tgz
41 http fetch 200 https://registry.npmjs.org/bower/-/bower-1.5.1.tgz
42 silly fetchAndShaCheck shasum a099d02fcd3952edb326011234b4fc616dfc3f36
43 verbose addTmpTarball /var/folders/5d/yct9p0cn18sd4y8zk92xg3jw0000gn/T/npm-80473-854cebf9/registry.npmjs.org/bower/-/bower-1.5.1.tgz not in flight; adding
44 verbose addTmpTarball already have metadata; skipping unpack for bower@1.5.1
45 silly cache afterAdd bower@1.5.1
46 verbose afterAdd /Users/feonit/.npm/bower/1.5.1/package/package.json not in flight; writing
47 verbose afterAdd /Users/feonit/.npm/bower/1.5.1/package/package.json written
48 silly install resolved [ { name: 'bower',
48 silly install resolved     version: '1.5.1',
48 silly install resolved     description: 'The browser package manager',
48 silly install resolved     author: { name: 'Twitter' },
48 silly install resolved     license: 'MIT',
48 silly install resolved     repository: { type: 'git', url: 'git+https://github.com/bower/bower.git' },
48 silly install resolved     main: 'lib',
48 silly install resolved     homepage: 'http://bower.io',
48 silly install resolved     engines: { node: '>=0.10.0' },
48 silly install resolved     dependencies:
48 silly install resolved      { abbrev: '^1.0.5',
48 silly install resolved        archy: '1.0.0',
48 silly install resolved        'bower-config': '^0.6.1',
48 silly install resolved        'bower-endpoint-parser': '^0.2.2',
48 silly install resolved        'bower-json': '^0.4.0',
48 silly install resolved        'bower-logger': '^0.2.2',
48 silly install resolved        'bower-registry-client': '^0.3.0',
48 silly install resolved        cardinal: '0.4.4',
48 silly install resolved        chalk: '^1.0.0',
48 silly install resolved        chmodr: '0.1.0',
48 silly install resolved        configstore: '^0.3.2',
48 silly install resolved        'decompress-zip': '^0.1.0',
48 silly install resolved        'deep-sort-object': '~0.1.1',
48 silly install resolved        'findup-sync': '^0.2.1',
48 silly install resolved        fstream: '^1.0.3',
48 silly install resolved        'fstream-ignore': '^1.0.2',
48 silly install resolved        github: '^0.2.3',
48 silly install resolved        glob: '^4.3.2',
48 silly install resolved        'graceful-fs': '^3.0.5',
48 silly install resolved        handlebars: '^2.0.0',
48 silly install resolved        inquirer: '0.8.0',
48 silly install resolved        insight: '^0.5.0',
48 silly install resolved        'is-root': '^1.0.0',
48 silly install resolved        junk: '^1.0.0',
48 silly install resolved        lockfile: '^1.0.0',
48 silly install resolved        'lru-cache': '^2.5.0',
48 silly install resolved        mkdirp: '0.5.0',
48 silly install resolved        mout: '^0.11.0',
48 silly install resolved        nopt: '^3.0.1',
48 silly install resolved        opn: '^1.0.1',
48 silly install resolved        'p-throttler': '0.1.1',
48 silly install resolved        promptly: '0.2.0',
48 silly install resolved        q: '^1.1.2',
48 silly install resolved        request: '2.53.0',
48 silly install resolved        'request-progress': '0.3.1',
48 silly install resolved        retry: '0.6.1',
48 silly install resolved        rimraf: '^2.2.8',
48 silly install resolved        semver: '^5.0.1',
48 silly install resolved        'shell-quote': '^1.4.2',
48 silly install resolved        'stringify-object': '^1.0.0',
48 silly install resolved        'tar-fs': '^1.4.1',
48 silly install resolved        tmp: '0.0.24',
48 silly install resolved        'update-notifier': '^0.3.0',
48 silly install resolved        'user-home': '^1.1.0',
48 silly install resolved        which: '^1.0.8' },
48 silly install resolved     devDependencies:
48 silly install resolved      { chai: '^1.10.0',
48 silly install resolved        coveralls: '^2.11.2',
48 silly install resolved        'expect.js': '^0.3.1',
48 silly install resolved        grunt: '^0.4.5',
48 silly install resolved        'grunt-cli': '^0.1.13',
48 silly install resolved        'grunt-contrib-jshint': '^0.10.0',
48 silly install resolved        'grunt-contrib-watch': '^0.6.1',
48 silly install resolved        'grunt-exec': '^0.4.6',
48 silly install resolved        'grunt-simple-mocha': '^0.4.0',
48 silly install resolved        istanbul: '^0.3.5',
48 silly install resolved        'load-grunt-tasks': '^2.0.0',
48 silly install resolved        mocha: '^2.1.0',
48 silly install resolved        multiline: '^1.0.2',
48 silly install resolved        nock: '^0.56.0',
48 silly install resolved        'node-uuid': '^1.4.2',
48 silly install resolved        proxyquire: '^1.3.0',
48 silly install resolved        'spawn-sync': '^1.0.5' },
48 silly install resolved     scripts: { test: 'grunt test' },
48 silly install resolved     bin: { bower: 'bin/bower' },
48 silly install resolved     files: [ 'bin', 'lib', 'templates' ],
48 silly install resolved     gitHead: '23afb3a12964e3b6e0716a9e4eccdba6cbf60f27',
48 silly install resolved     bugs: { url: 'https://github.com/bower/bower/issues' },
48 silly install resolved     _id: 'bower@1.5.1',
48 silly install resolved     _shasum: 'a099d02fcd3952edb326011234b4fc616dfc3f36',
48 silly install resolved     _from: 'bower@1.5.1',
48 silly install resolved     _npmVersion: '2.11.3',
48 silly install resolved     _nodeVersion: '0.12.7',
48 silly install resolved     _npmUser: { name: 'sheerun', email: 'sheerun@sher.pl' },
48 silly install resolved     dist:
48 silly install resolved      { shasum: 'a099d02fcd3952edb326011234b4fc616dfc3f36',
48 silly install resolved        tarball: 'http://registry.npmjs.org/bower/-/bower-1.5.1.tgz' },
48 silly install resolved     maintainers: [ [Object], [Object], [Object], [Object], [Object], [Object] ],
48 silly install resolved     directories: {},
48 silly install resolved     _resolved: 'https://registry.npmjs.org/bower/-/bower-1.5.1.tgz' } ]
49 info install bower@1.5.1 into /usr/local/lib
50 info installOne bower@1.5.1
51 verbose installOne of bower to /usr/local/lib not in flight; installing
52 verbose lock using /Users/feonit/.npm/_locks/bower-e8debc5417026b57.lock for /usr/local/lib/node_modules/bower
53 silly install write writing bower 1.5.1 to /usr/local/lib/node_modules/bower
54 verbose unbuild lib/node_modules/bower
55 info preuninstall bower@1.3.12
56 info uninstall bower@1.3.12
57 verbose unbuild rmStuff bower@1.3.12 from /usr/local/lib/node_modules
58 silly gentlyRm /usr/local/bin/bower is being gently removed
59 silly gentlyRm verifying /usr/local is an npm working directory
60 silly gentlyRm containing path /usr/local is under npm's control, in /usr/local
61 silly gentlyRm deletion target /usr/local/bin/bower is under /usr/local
62 verbose gentlyRm vacuuming from /usr/local/bin/bower up to /usr/local
63 silly vacuum-fs removing /usr/local/bin/bower
64 verbose unlock done using /Users/feonit/.npm/_locks/bower-e8debc5417026b57.lock for /usr/local/lib/node_modules/bower
65 verbose stack Error: EACCES, unlink '/usr/local/bin/bower'
66 verbose cwd /Users/feonit/feonit
67 error Darwin 14.3.0
68 error argv "node" "/usr/local/bin/npm" "update" "-g" "bower"
69 error node v0.10.35
70 error npm  v2.13.2
71 error path /usr/local/bin/bower
72 error code EACCES
73 error errno 3
74 error Error: EACCES, unlink '/usr/local/bin/bower'
74 error  { [Error: EACCES, unlink '/usr/local/bin/bower'] errno: 3, code: 'EACCES', path: '/usr/local/bin/bower' }
75 error Please try running this command again as root/Administrator.
76 verbose exit [ 3, true ]
77 verbose unbuild lib/node_modules/bower
78 info preuninstall bower@1.3.12
79 info uninstall bower@1.3.12
80 verbose unbuild rmStuff bower@1.3.12 from /usr/local/lib/node_modules
81 silly gentlyRm /usr/local/bin/bower is being gently removed
82 silly gentlyRm verifying /usr/local is an npm working directory
83 silly gentlyRm containing path /usr/local is under npm's control, in /usr/local
84 silly gentlyRm deletion target /usr/local/bin/bower is under /usr/local
85 verbose gentlyRm vacuuming from /usr/local/bin/bower up to /usr/local
86 silly vacuum-fs removing /usr/local/bin/bower
87 error error rolling back Error: EACCES, unlink '/usr/local/bin/bower'
87 error error rolling back  { [Error: EACCES, unlink '/usr/local/bin/bower'] errno: 3, code: 'EACCES', path: '/usr/local/bin/bower' }
